<?xml version="1.0" encoding="UTF-8"?>
<!-- Generated by org.testng.reporters.JUnitXMLReporter -->
<testsuite ignored="0" hostname="LAPTOP-3660PK51" failures="0" tests="3" name="Default test" time="38.476" errors="0" timestamp="24 mai. 2023 17:49:15 GMT">
  <testcase classname="wdTestNG.HomePageTest" name="NegativeTest" time="0.002"/>
  <testcase classname="wdTestNG.SimplilearnLogin" name="NegativeTest" time="11.159"/>
  <testcase classname="wdTestNG.SimplilearnLogin" name="PositiveTest" time="10.306"/>
</testsuite> <!-- Default test -->
