<?xml version="1.0" encoding="UTF-8"?>
<!-- Generated by org.testng.reporters.JUnitXMLReporter -->
<testsuite ignored="0" hostname="LAPTOP-3660PK51" failures="0" tests="3" name="Test" time="56.203" errors="0" timestamp="26 mai 2023 18:16:44 GMT">
  <testcase classname="wdTestNG.SimplilearnLogin" name="NegativeTest" time="16.034"/>
  <testcase classname="wdTestNG.SimplilearnLogin" name="PositiveTest" time="22.993"/>
  <testcase classname="wdTestNG.HomePageTest" name="Test1" time="0.0"/>
</testsuite> <!-- Test -->
