<?xml version="1.0" encoding="UTF-8"?>
<testng-results ignored="0" total="3" passed="3" failed="0" skipped="0">
  <reporter-output>
  </reporter-output>
  <suite started-at="2023-05-24T18:07:43Z" name="Suite" finished-at="2023-05-24T18:08:25Z" duration-ms="42174">
    <groups>
    </groups>
    <test started-at="2023-05-24T18:07:43Z" name="Test" finished-at="2023-05-24T18:08:25Z" duration-ms="42174">
      <class name="wdTestNG.HomePageTest">
        <test-method is-config="true" signature="Setup()[pri:0, instance:wdTestNG.HomePageTest@571c5681]" started-at="2023-05-24T18:08:19Z" name="Setup" finished-at="2023-05-24T18:08:25Z" duration-ms="6602" status="PASS">
          <reporter-output>
          </reporter-output>
        </test-method> <!-- Setup -->
        <test-method signature="Test1()[pri:0, instance:wdTestNG.HomePageTest@571c5681]" started-at="2023-05-24T18:08:25Z" name="Test1" finished-at="2023-05-24T18:08:25Z" duration-ms="0" status="PASS">
          <reporter-output>
          </reporter-output>
        </test-method> <!-- Test1 -->
        <test-method is-config="true" signature="TearDown()[pri:0, instance:wdTestNG.HomePageTest@571c5681]" started-at="2023-05-24T18:08:25Z" name="TearDown" finished-at="2023-05-24T18:08:25Z" duration-ms="72" status="PASS">
          <reporter-output>
          </reporter-output>
        </test-method> <!-- TearDown -->
      </class> <!-- wdTestNG.HomePageTest -->
      <class name="wdTestNG.SimplilearnLogin">
        <test-method is-config="true" signature="Setup()[pri:0, instance:wdTestNG.SimplilearnLogin@6d07a63d]" started-at="2023-05-24T18:07:43Z" name="Setup" finished-at="2023-05-24T18:07:50Z" duration-ms="6606" status="PASS">
          <reporter-output>
          </reporter-output>
        </test-method> <!-- Setup -->
        <test-method signature="NegativeTest()[pri:0, instance:wdTestNG.SimplilearnLogin@6d07a63d]" started-at="2023-05-24T18:07:50Z" name="NegativeTest" finished-at="2023-05-24T18:08:01Z" duration-ms="11303" status="PASS">
          <reporter-output>
          </reporter-output>
        </test-method> <!-- NegativeTest -->
        <test-method is-config="true" signature="TearDown()[pri:0, instance:wdTestNG.SimplilearnLogin@6d07a63d]" started-at="2023-05-24T18:08:01Z" name="TearDown" finished-at="2023-05-24T18:08:01Z" duration-ms="59" status="PASS">
          <reporter-output>
          </reporter-output>
        </test-method> <!-- TearDown -->
        <test-method is-config="true" signature="Setup()[pri:0, instance:wdTestNG.SimplilearnLogin@6d07a63d]" started-at="2023-05-24T18:08:01Z" name="Setup" finished-at="2023-05-24T18:08:08Z" duration-ms="7271" status="PASS">
          <reporter-output>
          </reporter-output>
        </test-method> <!-- Setup -->
        <test-method signature="PositiveTest()[pri:0, instance:wdTestNG.SimplilearnLogin@6d07a63d]" started-at="2023-05-24T18:08:08Z" name="PositiveTest" finished-at="2023-05-24T18:08:19Z" duration-ms="10159" status="PASS">
          <reporter-output>
          </reporter-output>
        </test-method> <!-- PositiveTest -->
        <test-method is-config="true" signature="TearDown()[pri:0, instance:wdTestNG.SimplilearnLogin@6d07a63d]" started-at="2023-05-24T18:08:19Z" name="TearDown" finished-at="2023-05-24T18:08:19Z" duration-ms="91" status="PASS">
          <reporter-output>
          </reporter-output>
        </test-method> <!-- TearDown -->
      </class> <!-- wdTestNG.SimplilearnLogin -->
    </test> <!-- Test -->
  </suite> <!-- Suite -->
</testng-results>
